[2025-05-23T08:20:36.314+0000] {processor.py:161} INFO - Started process (PID=173) to work on /opt/airflow/dags/fetch_exchange_dag.py
[2025-05-23T08:20:36.315+0000] {processor.py:830} INFO - Processing file /opt/airflow/dags/fetch_exchange_dag.py for tasks to queue
[2025-05-23T08:20:36.316+0000] {logging_mixin.py:188} INFO - [2025-05-23T08:20:36.315+0000] {dagbag.py:538} INFO - Filling up the DagBag from /opt/airflow/dags/fetch_exchange_dag.py
[2025-05-23T08:20:36.334+0000] {processor.py:840} INFO - DAG(s) 'exchange_rate_fetch_dag' retrieved from /opt/airflow/dags/fetch_exchange_dag.py
[2025-05-23T08:20:36.490+0000] {logging_mixin.py:188} INFO - [2025-05-23T08:20:36.490+0000] {override.py:1769} INFO - Created Permission View: can read on DAG:exchange_rate_fetch_dag
[2025-05-23T08:20:36.493+0000] {logging_mixin.py:188} INFO - [2025-05-23T08:20:36.493+0000] {override.py:1769} INFO - Created Permission View: can edit on DAG:exchange_rate_fetch_dag
[2025-05-23T08:20:36.495+0000] {logging_mixin.py:188} INFO - [2025-05-23T08:20:36.495+0000] {override.py:1769} INFO - Created Permission View: can delete on DAG:exchange_rate_fetch_dag
[2025-05-23T08:20:36.495+0000] {logging_mixin.py:188} INFO - [2025-05-23T08:20:36.495+0000] {dag.py:3036} INFO - Sync 1 DAGs
[2025-05-23T08:20:36.500+0000] {logging_mixin.py:188} INFO - [2025-05-23T08:20:36.500+0000] {dag.py:3058} INFO - Creating ORM DAG for exchange_rate_fetch_dag
[2025-05-23T08:20:36.504+0000] {logging_mixin.py:188} INFO - [2025-05-23T08:20:36.504+0000] {dag.py:3823} INFO - Setting next_dagrun for exchange_rate_fetch_dag to 2025-05-22 00:00:00+00:00, run_after=2025-05-23 00:00:00+00:00
[2025-05-23T08:20:36.513+0000] {processor.py:183} INFO - Processing /opt/airflow/dags/fetch_exchange_dag.py took 0.201 seconds
[2025-05-23T08:21:06.541+0000] {processor.py:161} INFO - Started process (PID=178) to work on /opt/airflow/dags/fetch_exchange_dag.py
[2025-05-23T08:21:06.541+0000] {processor.py:830} INFO - Processing file /opt/airflow/dags/fetch_exchange_dag.py for tasks to queue
[2025-05-23T08:21:06.542+0000] {logging_mixin.py:188} INFO - [2025-05-23T08:21:06.542+0000] {dagbag.py:538} INFO - Filling up the DagBag from /opt/airflow/dags/fetch_exchange_dag.py
[2025-05-23T08:21:06.556+0000] {processor.py:840} INFO - DAG(s) 'exchange_rate_fetch_dag' retrieved from /opt/airflow/dags/fetch_exchange_dag.py
[2025-05-23T08:21:06.569+0000] {logging_mixin.py:188} INFO - [2025-05-23T08:21:06.569+0000] {dag.py:3036} INFO - Sync 1 DAGs
[2025-05-23T08:21:06.579+0000] {logging_mixin.py:188} INFO - [2025-05-23T08:21:06.579+0000] {dag.py:3823} INFO - Setting next_dagrun for exchange_rate_fetch_dag to 2025-05-22 00:00:00+00:00, run_after=2025-05-23 00:00:00+00:00
[2025-05-23T08:21:06.587+0000] {processor.py:183} INFO - Processing /opt/airflow/dags/fetch_exchange_dag.py took 0.049 seconds
[2025-05-23T08:21:36.797+0000] {processor.py:161} INFO - Started process (PID=183) to work on /opt/airflow/dags/fetch_exchange_dag.py
[2025-05-23T08:21:36.797+0000] {processor.py:830} INFO - Processing file /opt/airflow/dags/fetch_exchange_dag.py for tasks to queue
[2025-05-23T08:21:36.798+0000] {logging_mixin.py:188} INFO - [2025-05-23T08:21:36.798+0000] {dagbag.py:538} INFO - Filling up the DagBag from /opt/airflow/dags/fetch_exchange_dag.py
[2025-05-23T08:21:36.810+0000] {processor.py:840} INFO - DAG(s) 'exchange_rate_fetch_dag' retrieved from /opt/airflow/dags/fetch_exchange_dag.py
[2025-05-23T08:21:36.824+0000] {logging_mixin.py:188} INFO - [2025-05-23T08:21:36.824+0000] {dag.py:3036} INFO - Sync 1 DAGs
[2025-05-23T08:21:36.834+0000] {logging_mixin.py:188} INFO - [2025-05-23T08:21:36.834+0000] {dag.py:3823} INFO - Setting next_dagrun for exchange_rate_fetch_dag to 2025-05-22 00:00:00+00:00, run_after=2025-05-23 00:00:00+00:00
[2025-05-23T08:21:36.842+0000] {processor.py:183} INFO - Processing /opt/airflow/dags/fetch_exchange_dag.py took 0.047 seconds
[2025-05-23T08:22:07.055+0000] {processor.py:161} INFO - Started process (PID=188) to work on /opt/airflow/dags/fetch_exchange_dag.py
[2025-05-23T08:22:07.056+0000] {processor.py:830} INFO - Processing file /opt/airflow/dags/fetch_exchange_dag.py for tasks to queue
[2025-05-23T08:22:07.056+0000] {logging_mixin.py:188} INFO - [2025-05-23T08:22:07.056+0000] {dagbag.py:538} INFO - Filling up the DagBag from /opt/airflow/dags/fetch_exchange_dag.py
[2025-05-23T08:22:07.069+0000] {processor.py:840} INFO - DAG(s) 'exchange_rate_fetch_dag' retrieved from /opt/airflow/dags/fetch_exchange_dag.py
[2025-05-23T08:22:07.081+0000] {logging_mixin.py:188} INFO - [2025-05-23T08:22:07.081+0000] {dag.py:3036} INFO - Sync 1 DAGs
[2025-05-23T08:22:07.091+0000] {logging_mixin.py:188} INFO - [2025-05-23T08:22:07.091+0000] {dag.py:3823} INFO - Setting next_dagrun for exchange_rate_fetch_dag to 2025-05-22 00:00:00+00:00, run_after=2025-05-23 00:00:00+00:00
[2025-05-23T08:22:07.098+0000] {processor.py:183} INFO - Processing /opt/airflow/dags/fetch_exchange_dag.py took 0.046 seconds
[2025-05-23T08:22:37.311+0000] {processor.py:161} INFO - Started process (PID=193) to work on /opt/airflow/dags/fetch_exchange_dag.py
[2025-05-23T08:22:37.312+0000] {processor.py:830} INFO - Processing file /opt/airflow/dags/fetch_exchange_dag.py for tasks to queue
[2025-05-23T08:22:37.312+0000] {logging_mixin.py:188} INFO - [2025-05-23T08:22:37.312+0000] {dagbag.py:538} INFO - Filling up the DagBag from /opt/airflow/dags/fetch_exchange_dag.py
[2025-05-23T08:22:37.328+0000] {processor.py:840} INFO - DAG(s) 'exchange_rate_fetch_dag' retrieved from /opt/airflow/dags/fetch_exchange_dag.py
[2025-05-23T08:22:37.346+0000] {logging_mixin.py:188} INFO - [2025-05-23T08:22:37.346+0000] {dag.py:3036} INFO - Sync 1 DAGs
[2025-05-23T08:22:37.359+0000] {logging_mixin.py:188} INFO - [2025-05-23T08:22:37.358+0000] {dag.py:3823} INFO - Setting next_dagrun for exchange_rate_fetch_dag to 2025-05-22 00:00:00+00:00, run_after=2025-05-23 00:00:00+00:00
[2025-05-23T08:22:37.369+0000] {processor.py:183} INFO - Processing /opt/airflow/dags/fetch_exchange_dag.py took 0.061 seconds
[2025-05-23T08:23:07.589+0000] {processor.py:161} INFO - Started process (PID=198) to work on /opt/airflow/dags/fetch_exchange_dag.py
[2025-05-23T08:23:07.590+0000] {processor.py:830} INFO - Processing file /opt/airflow/dags/fetch_exchange_dag.py for tasks to queue
[2025-05-23T08:23:07.590+0000] {logging_mixin.py:188} INFO - [2025-05-23T08:23:07.590+0000] {dagbag.py:538} INFO - Filling up the DagBag from /opt/airflow/dags/fetch_exchange_dag.py
[2025-05-23T08:23:07.598+0000] {processor.py:840} INFO - DAG(s) 'exchange_rate_fetch_dag' retrieved from /opt/airflow/dags/fetch_exchange_dag.py
[2025-05-23T08:23:07.607+0000] {logging_mixin.py:188} INFO - [2025-05-23T08:23:07.607+0000] {dag.py:3036} INFO - Sync 1 DAGs
[2025-05-23T08:23:07.616+0000] {logging_mixin.py:188} INFO - [2025-05-23T08:23:07.616+0000] {dag.py:3823} INFO - Setting next_dagrun for exchange_rate_fetch_dag to 2025-05-22 00:00:00+00:00, run_after=2025-05-23 00:00:00+00:00
[2025-05-23T08:23:07.623+0000] {processor.py:183} INFO - Processing /opt/airflow/dags/fetch_exchange_dag.py took 0.035 seconds
[2025-05-23T08:23:37.824+0000] {processor.py:161} INFO - Started process (PID=205) to work on /opt/airflow/dags/fetch_exchange_dag.py
[2025-05-23T08:23:37.824+0000] {processor.py:830} INFO - Processing file /opt/airflow/dags/fetch_exchange_dag.py for tasks to queue
[2025-05-23T08:23:37.825+0000] {logging_mixin.py:188} INFO - [2025-05-23T08:23:37.825+0000] {dagbag.py:538} INFO - Filling up the DagBag from /opt/airflow/dags/fetch_exchange_dag.py
[2025-05-23T08:23:37.834+0000] {processor.py:840} INFO - DAG(s) 'exchange_rate_fetch_dag' retrieved from /opt/airflow/dags/fetch_exchange_dag.py
[2025-05-23T08:23:37.846+0000] {logging_mixin.py:188} INFO - [2025-05-23T08:23:37.846+0000] {dag.py:3036} INFO - Sync 1 DAGs
[2025-05-23T08:23:37.857+0000] {logging_mixin.py:188} INFO - [2025-05-23T08:23:37.857+0000] {dag.py:3823} INFO - Setting next_dagrun for exchange_rate_fetch_dag to 2025-05-23 00:00:00+00:00, run_after=2025-05-24 00:00:00+00:00
[2025-05-23T08:23:37.865+0000] {processor.py:183} INFO - Processing /opt/airflow/dags/fetch_exchange_dag.py took 0.043 seconds
[2025-05-23T08:24:08.061+0000] {processor.py:161} INFO - Started process (PID=210) to work on /opt/airflow/dags/fetch_exchange_dag.py
[2025-05-23T08:24:08.062+0000] {processor.py:830} INFO - Processing file /opt/airflow/dags/fetch_exchange_dag.py for tasks to queue
[2025-05-23T08:24:08.062+0000] {logging_mixin.py:188} INFO - [2025-05-23T08:24:08.062+0000] {dagbag.py:538} INFO - Filling up the DagBag from /opt/airflow/dags/fetch_exchange_dag.py
[2025-05-23T08:24:08.074+0000] {processor.py:840} INFO - DAG(s) 'exchange_rate_fetch_dag' retrieved from /opt/airflow/dags/fetch_exchange_dag.py
[2025-05-23T08:24:08.088+0000] {logging_mixin.py:188} INFO - [2025-05-23T08:24:08.088+0000] {dag.py:3036} INFO - Sync 1 DAGs
[2025-05-23T08:24:08.100+0000] {logging_mixin.py:188} INFO - [2025-05-23T08:24:08.100+0000] {dag.py:3823} INFO - Setting next_dagrun for exchange_rate_fetch_dag to 2025-05-23 00:00:00+00:00, run_after=2025-05-24 00:00:00+00:00
[2025-05-23T08:24:08.108+0000] {processor.py:183} INFO - Processing /opt/airflow/dags/fetch_exchange_dag.py took 0.049 seconds
[2025-05-23T08:24:38.358+0000] {processor.py:161} INFO - Started process (PID=217) to work on /opt/airflow/dags/fetch_exchange_dag.py
[2025-05-23T08:24:38.359+0000] {processor.py:830} INFO - Processing file /opt/airflow/dags/fetch_exchange_dag.py for tasks to queue
[2025-05-23T08:24:38.359+0000] {logging_mixin.py:188} INFO - [2025-05-23T08:24:38.359+0000] {dagbag.py:538} INFO - Filling up the DagBag from /opt/airflow/dags/fetch_exchange_dag.py
[2025-05-23T08:24:38.371+0000] {processor.py:840} INFO - DAG(s) 'exchange_rate_fetch_dag' retrieved from /opt/airflow/dags/fetch_exchange_dag.py
[2025-05-23T08:24:38.385+0000] {logging_mixin.py:188} INFO - [2025-05-23T08:24:38.385+0000] {dag.py:3036} INFO - Sync 1 DAGs
[2025-05-23T08:24:38.395+0000] {logging_mixin.py:188} INFO - [2025-05-23T08:24:38.395+0000] {dag.py:3823} INFO - Setting next_dagrun for exchange_rate_fetch_dag to 2025-05-23 00:00:00+00:00, run_after=2025-05-24 00:00:00+00:00
[2025-05-23T08:24:38.403+0000] {processor.py:183} INFO - Processing /opt/airflow/dags/fetch_exchange_dag.py took 0.047 seconds
[2025-05-23T08:25:08.644+0000] {processor.py:161} INFO - Started process (PID=222) to work on /opt/airflow/dags/fetch_exchange_dag.py
[2025-05-23T08:25:08.645+0000] {processor.py:830} INFO - Processing file /opt/airflow/dags/fetch_exchange_dag.py for tasks to queue
[2025-05-23T08:25:08.646+0000] {logging_mixin.py:188} INFO - [2025-05-23T08:25:08.646+0000] {dagbag.py:538} INFO - Filling up the DagBag from /opt/airflow/dags/fetch_exchange_dag.py
[2025-05-23T08:25:08.657+0000] {processor.py:840} INFO - DAG(s) 'exchange_rate_fetch_dag' retrieved from /opt/airflow/dags/fetch_exchange_dag.py
[2025-05-23T08:25:08.672+0000] {logging_mixin.py:188} INFO - [2025-05-23T08:25:08.672+0000] {dag.py:3036} INFO - Sync 1 DAGs
[2025-05-23T08:25:08.683+0000] {logging_mixin.py:188} INFO - [2025-05-23T08:25:08.683+0000] {dag.py:3823} INFO - Setting next_dagrun for exchange_rate_fetch_dag to 2025-05-23 00:00:00+00:00, run_after=2025-05-24 00:00:00+00:00
[2025-05-23T08:25:08.690+0000] {processor.py:183} INFO - Processing /opt/airflow/dags/fetch_exchange_dag.py took 0.048 seconds
[2025-05-23T08:25:38.943+0000] {processor.py:161} INFO - Started process (PID=227) to work on /opt/airflow/dags/fetch_exchange_dag.py
[2025-05-23T08:25:38.944+0000] {processor.py:830} INFO - Processing file /opt/airflow/dags/fetch_exchange_dag.py for tasks to queue
[2025-05-23T08:25:38.944+0000] {logging_mixin.py:188} INFO - [2025-05-23T08:25:38.944+0000] {dagbag.py:538} INFO - Filling up the DagBag from /opt/airflow/dags/fetch_exchange_dag.py
[2025-05-23T08:25:38.954+0000] {processor.py:840} INFO - DAG(s) 'exchange_rate_fetch_dag' retrieved from /opt/airflow/dags/fetch_exchange_dag.py
[2025-05-23T08:25:38.968+0000] {logging_mixin.py:188} INFO - [2025-05-23T08:25:38.968+0000] {dag.py:3036} INFO - Sync 1 DAGs
[2025-05-23T08:25:38.981+0000] {logging_mixin.py:188} INFO - [2025-05-23T08:25:38.981+0000] {dag.py:3823} INFO - Setting next_dagrun for exchange_rate_fetch_dag to 2025-05-23 00:00:00+00:00, run_after=2025-05-24 00:00:00+00:00
[2025-05-23T08:25:38.989+0000] {processor.py:183} INFO - Processing /opt/airflow/dags/fetch_exchange_dag.py took 0.048 seconds
[2025-05-23T08:26:09.230+0000] {processor.py:161} INFO - Started process (PID=232) to work on /opt/airflow/dags/fetch_exchange_dag.py
[2025-05-23T08:26:09.230+0000] {processor.py:830} INFO - Processing file /opt/airflow/dags/fetch_exchange_dag.py for tasks to queue
[2025-05-23T08:26:09.231+0000] {logging_mixin.py:188} INFO - [2025-05-23T08:26:09.231+0000] {dagbag.py:538} INFO - Filling up the DagBag from /opt/airflow/dags/fetch_exchange_dag.py
[2025-05-23T08:26:09.241+0000] {processor.py:840} INFO - DAG(s) 'exchange_rate_fetch_dag' retrieved from /opt/airflow/dags/fetch_exchange_dag.py
[2025-05-23T08:26:09.254+0000] {logging_mixin.py:188} INFO - [2025-05-23T08:26:09.254+0000] {dag.py:3036} INFO - Sync 1 DAGs
[2025-05-23T08:26:09.264+0000] {logging_mixin.py:188} INFO - [2025-05-23T08:26:09.264+0000] {dag.py:3823} INFO - Setting next_dagrun for exchange_rate_fetch_dag to 2025-05-23 00:00:00+00:00, run_after=2025-05-24 00:00:00+00:00
[2025-05-23T08:26:09.271+0000] {processor.py:183} INFO - Processing /opt/airflow/dags/fetch_exchange_dag.py took 0.044 seconds
[2025-05-23T08:26:39.529+0000] {processor.py:161} INFO - Started process (PID=237) to work on /opt/airflow/dags/fetch_exchange_dag.py
[2025-05-23T08:26:39.530+0000] {processor.py:830} INFO - Processing file /opt/airflow/dags/fetch_exchange_dag.py for tasks to queue
[2025-05-23T08:26:39.530+0000] {logging_mixin.py:188} INFO - [2025-05-23T08:26:39.530+0000] {dagbag.py:538} INFO - Filling up the DagBag from /opt/airflow/dags/fetch_exchange_dag.py
[2025-05-23T08:26:39.542+0000] {processor.py:840} INFO - DAG(s) 'exchange_rate_fetch_dag' retrieved from /opt/airflow/dags/fetch_exchange_dag.py
[2025-05-23T08:26:39.555+0000] {logging_mixin.py:188} INFO - [2025-05-23T08:26:39.554+0000] {dag.py:3036} INFO - Sync 1 DAGs
[2025-05-23T08:26:39.565+0000] {logging_mixin.py:188} INFO - [2025-05-23T08:26:39.565+0000] {dag.py:3823} INFO - Setting next_dagrun for exchange_rate_fetch_dag to 2025-05-23 00:00:00+00:00, run_after=2025-05-24 00:00:00+00:00
[2025-05-23T08:26:39.572+0000] {processor.py:183} INFO - Processing /opt/airflow/dags/fetch_exchange_dag.py took 0.045 seconds
[2025-05-23T08:27:09.841+0000] {processor.py:161} INFO - Started process (PID=242) to work on /opt/airflow/dags/fetch_exchange_dag.py
[2025-05-23T08:27:09.842+0000] {processor.py:830} INFO - Processing file /opt/airflow/dags/fetch_exchange_dag.py for tasks to queue
[2025-05-23T08:27:09.842+0000] {logging_mixin.py:188} INFO - [2025-05-23T08:27:09.842+0000] {dagbag.py:538} INFO - Filling up the DagBag from /opt/airflow/dags/fetch_exchange_dag.py
[2025-05-23T08:27:09.854+0000] {processor.py:840} INFO - DAG(s) 'exchange_rate_fetch_dag' retrieved from /opt/airflow/dags/fetch_exchange_dag.py
[2025-05-23T08:27:09.867+0000] {logging_mixin.py:188} INFO - [2025-05-23T08:27:09.866+0000] {dag.py:3036} INFO - Sync 1 DAGs
[2025-05-23T08:27:09.877+0000] {logging_mixin.py:188} INFO - [2025-05-23T08:27:09.877+0000] {dag.py:3823} INFO - Setting next_dagrun for exchange_rate_fetch_dag to 2025-05-23 00:00:00+00:00, run_after=2025-05-24 00:00:00+00:00
[2025-05-23T08:27:09.884+0000] {processor.py:183} INFO - Processing /opt/airflow/dags/fetch_exchange_dag.py took 0.045 seconds
[2025-05-23T08:27:40.073+0000] {processor.py:161} INFO - Started process (PID=247) to work on /opt/airflow/dags/fetch_exchange_dag.py
[2025-05-23T08:27:40.073+0000] {processor.py:830} INFO - Processing file /opt/airflow/dags/fetch_exchange_dag.py for tasks to queue
[2025-05-23T08:27:40.074+0000] {logging_mixin.py:188} INFO - [2025-05-23T08:27:40.074+0000] {dagbag.py:538} INFO - Filling up the DagBag from /opt/airflow/dags/fetch_exchange_dag.py
[2025-05-23T08:27:40.085+0000] {processor.py:840} INFO - DAG(s) 'exchange_rate_fetch_dag' retrieved from /opt/airflow/dags/fetch_exchange_dag.py
[2025-05-23T08:27:40.098+0000] {logging_mixin.py:188} INFO - [2025-05-23T08:27:40.098+0000] {dag.py:3036} INFO - Sync 1 DAGs
[2025-05-23T08:27:40.108+0000] {logging_mixin.py:188} INFO - [2025-05-23T08:27:40.108+0000] {dag.py:3823} INFO - Setting next_dagrun for exchange_rate_fetch_dag to 2025-05-23 00:00:00+00:00, run_after=2025-05-24 00:00:00+00:00
[2025-05-23T08:27:40.115+0000] {processor.py:183} INFO - Processing /opt/airflow/dags/fetch_exchange_dag.py took 0.045 seconds
[2025-05-23T08:28:10.381+0000] {processor.py:161} INFO - Started process (PID=252) to work on /opt/airflow/dags/fetch_exchange_dag.py
[2025-05-23T08:28:10.382+0000] {processor.py:830} INFO - Processing file /opt/airflow/dags/fetch_exchange_dag.py for tasks to queue
[2025-05-23T08:28:10.382+0000] {logging_mixin.py:188} INFO - [2025-05-23T08:28:10.382+0000] {dagbag.py:538} INFO - Filling up the DagBag from /opt/airflow/dags/fetch_exchange_dag.py
[2025-05-23T08:28:10.394+0000] {processor.py:840} INFO - DAG(s) 'exchange_rate_fetch_dag' retrieved from /opt/airflow/dags/fetch_exchange_dag.py
[2025-05-23T08:28:10.406+0000] {logging_mixin.py:188} INFO - [2025-05-23T08:28:10.406+0000] {dag.py:3036} INFO - Sync 1 DAGs
[2025-05-23T08:28:10.416+0000] {logging_mixin.py:188} INFO - [2025-05-23T08:28:10.416+0000] {dag.py:3823} INFO - Setting next_dagrun for exchange_rate_fetch_dag to 2025-05-23 00:00:00+00:00, run_after=2025-05-24 00:00:00+00:00
[2025-05-23T08:28:10.423+0000] {processor.py:183} INFO - Processing /opt/airflow/dags/fetch_exchange_dag.py took 0.045 seconds
[2025-05-23T08:28:40.620+0000] {processor.py:161} INFO - Started process (PID=259) to work on /opt/airflow/dags/fetch_exchange_dag.py
[2025-05-23T08:28:40.620+0000] {processor.py:830} INFO - Processing file /opt/airflow/dags/fetch_exchange_dag.py for tasks to queue
[2025-05-23T08:28:40.621+0000] {logging_mixin.py:188} INFO - [2025-05-23T08:28:40.620+0000] {dagbag.py:538} INFO - Filling up the DagBag from /opt/airflow/dags/fetch_exchange_dag.py
[2025-05-23T08:28:40.630+0000] {processor.py:840} INFO - DAG(s) 'exchange_rate_fetch_dag' retrieved from /opt/airflow/dags/fetch_exchange_dag.py
[2025-05-23T08:28:40.644+0000] {logging_mixin.py:188} INFO - [2025-05-23T08:28:40.644+0000] {dag.py:3036} INFO - Sync 1 DAGs
[2025-05-23T08:28:40.655+0000] {logging_mixin.py:188} INFO - [2025-05-23T08:28:40.655+0000] {dag.py:3823} INFO - Setting next_dagrun for exchange_rate_fetch_dag to 2025-05-23 00:00:00+00:00, run_after=2025-05-24 00:00:00+00:00
[2025-05-23T08:28:40.662+0000] {processor.py:183} INFO - Processing /opt/airflow/dags/fetch_exchange_dag.py took 0.044 seconds
[2025-05-23T08:29:10.883+0000] {processor.py:161} INFO - Started process (PID=264) to work on /opt/airflow/dags/fetch_exchange_dag.py
[2025-05-23T08:29:10.884+0000] {processor.py:830} INFO - Processing file /opt/airflow/dags/fetch_exchange_dag.py for tasks to queue
[2025-05-23T08:29:10.885+0000] {logging_mixin.py:188} INFO - [2025-05-23T08:29:10.885+0000] {dagbag.py:538} INFO - Filling up the DagBag from /opt/airflow/dags/fetch_exchange_dag.py
[2025-05-23T08:29:10.897+0000] {processor.py:840} INFO - DAG(s) 'exchange_rate_fetch_dag' retrieved from /opt/airflow/dags/fetch_exchange_dag.py
[2025-05-23T08:29:10.910+0000] {logging_mixin.py:188} INFO - [2025-05-23T08:29:10.910+0000] {dag.py:3036} INFO - Sync 1 DAGs
[2025-05-23T08:29:10.922+0000] {logging_mixin.py:188} INFO - [2025-05-23T08:29:10.922+0000] {dag.py:3823} INFO - Setting next_dagrun for exchange_rate_fetch_dag to 2025-05-23 00:00:00+00:00, run_after=2025-05-24 00:00:00+00:00
[2025-05-23T08:29:10.929+0000] {processor.py:183} INFO - Processing /opt/airflow/dags/fetch_exchange_dag.py took 0.048 seconds
[2025-05-23T08:29:41.160+0000] {processor.py:161} INFO - Started process (PID=271) to work on /opt/airflow/dags/fetch_exchange_dag.py
[2025-05-23T08:29:41.161+0000] {processor.py:830} INFO - Processing file /opt/airflow/dags/fetch_exchange_dag.py for tasks to queue
[2025-05-23T08:29:41.161+0000] {logging_mixin.py:188} INFO - [2025-05-23T08:29:41.161+0000] {dagbag.py:538} INFO - Filling up the DagBag from /opt/airflow/dags/fetch_exchange_dag.py
[2025-05-23T08:29:41.172+0000] {processor.py:840} INFO - DAG(s) 'exchange_rate_fetch_dag' retrieved from /opt/airflow/dags/fetch_exchange_dag.py
[2025-05-23T08:29:41.186+0000] {logging_mixin.py:188} INFO - [2025-05-23T08:29:41.186+0000] {dag.py:3036} INFO - Sync 1 DAGs
[2025-05-23T08:29:41.197+0000] {logging_mixin.py:188} INFO - [2025-05-23T08:29:41.197+0000] {dag.py:3823} INFO - Setting next_dagrun for exchange_rate_fetch_dag to 2025-05-23 00:00:00+00:00, run_after=2025-05-24 00:00:00+00:00
[2025-05-23T08:29:41.205+0000] {processor.py:183} INFO - Processing /opt/airflow/dags/fetch_exchange_dag.py took 0.047 seconds
[2025-05-23T08:30:11.457+0000] {processor.py:161} INFO - Started process (PID=276) to work on /opt/airflow/dags/fetch_exchange_dag.py
[2025-05-23T08:30:11.458+0000] {processor.py:830} INFO - Processing file /opt/airflow/dags/fetch_exchange_dag.py for tasks to queue
[2025-05-23T08:30:11.458+0000] {logging_mixin.py:188} INFO - [2025-05-23T08:30:11.458+0000] {dagbag.py:538} INFO - Filling up the DagBag from /opt/airflow/dags/fetch_exchange_dag.py
[2025-05-23T08:30:11.468+0000] {processor.py:840} INFO - DAG(s) 'exchange_rate_fetch_dag' retrieved from /opt/airflow/dags/fetch_exchange_dag.py
[2025-05-23T08:30:11.480+0000] {logging_mixin.py:188} INFO - [2025-05-23T08:30:11.480+0000] {dag.py:3036} INFO - Sync 1 DAGs
[2025-05-23T08:30:11.490+0000] {logging_mixin.py:188} INFO - [2025-05-23T08:30:11.490+0000] {dag.py:3823} INFO - Setting next_dagrun for exchange_rate_fetch_dag to 2025-05-23 00:00:00+00:00, run_after=2025-05-24 00:00:00+00:00
[2025-05-23T08:30:11.496+0000] {processor.py:183} INFO - Processing /opt/airflow/dags/fetch_exchange_dag.py took 0.041 seconds
[2025-05-23T08:30:41.773+0000] {processor.py:161} INFO - Started process (PID=281) to work on /opt/airflow/dags/fetch_exchange_dag.py
[2025-05-23T08:30:41.773+0000] {processor.py:830} INFO - Processing file /opt/airflow/dags/fetch_exchange_dag.py for tasks to queue
[2025-05-23T08:30:41.774+0000] {logging_mixin.py:188} INFO - [2025-05-23T08:30:41.774+0000] {dagbag.py:538} INFO - Filling up the DagBag from /opt/airflow/dags/fetch_exchange_dag.py
[2025-05-23T08:30:41.788+0000] {processor.py:840} INFO - DAG(s) 'exchange_rate_fetch_dag' retrieved from /opt/airflow/dags/fetch_exchange_dag.py
[2025-05-23T08:30:41.805+0000] {logging_mixin.py:188} INFO - [2025-05-23T08:30:41.805+0000] {dag.py:3036} INFO - Sync 1 DAGs
[2025-05-23T08:30:41.817+0000] {logging_mixin.py:188} INFO - [2025-05-23T08:30:41.817+0000] {dag.py:3823} INFO - Setting next_dagrun for exchange_rate_fetch_dag to 2025-05-23 00:00:00+00:00, run_after=2025-05-24 00:00:00+00:00
[2025-05-23T08:30:41.826+0000] {processor.py:183} INFO - Processing /opt/airflow/dags/fetch_exchange_dag.py took 0.057 seconds
[2025-05-23T08:31:12.023+0000] {processor.py:161} INFO - Started process (PID=286) to work on /opt/airflow/dags/fetch_exchange_dag.py
[2025-05-23T08:31:12.024+0000] {processor.py:830} INFO - Processing file /opt/airflow/dags/fetch_exchange_dag.py for tasks to queue
[2025-05-23T08:31:12.024+0000] {logging_mixin.py:188} INFO - [2025-05-23T08:31:12.024+0000] {dagbag.py:538} INFO - Filling up the DagBag from /opt/airflow/dags/fetch_exchange_dag.py
[2025-05-23T08:31:12.034+0000] {processor.py:840} INFO - DAG(s) 'exchange_rate_fetch_dag' retrieved from /opt/airflow/dags/fetch_exchange_dag.py
[2025-05-23T08:31:12.045+0000] {logging_mixin.py:188} INFO - [2025-05-23T08:31:12.045+0000] {dag.py:3036} INFO - Sync 1 DAGs
[2025-05-23T08:31:12.055+0000] {logging_mixin.py:188} INFO - [2025-05-23T08:31:12.055+0000] {dag.py:3823} INFO - Setting next_dagrun for exchange_rate_fetch_dag to 2025-05-23 00:00:00+00:00, run_after=2025-05-24 00:00:00+00:00
[2025-05-23T08:31:12.063+0000] {processor.py:183} INFO - Processing /opt/airflow/dags/fetch_exchange_dag.py took 0.042 seconds
[2025-05-23T08:31:42.276+0000] {processor.py:161} INFO - Started process (PID=291) to work on /opt/airflow/dags/fetch_exchange_dag.py
[2025-05-23T08:31:42.277+0000] {processor.py:830} INFO - Processing file /opt/airflow/dags/fetch_exchange_dag.py for tasks to queue
[2025-05-23T08:31:42.278+0000] {logging_mixin.py:188} INFO - [2025-05-23T08:31:42.277+0000] {dagbag.py:538} INFO - Filling up the DagBag from /opt/airflow/dags/fetch_exchange_dag.py
[2025-05-23T08:31:42.293+0000] {processor.py:840} INFO - DAG(s) 'exchange_rate_fetch_dag' retrieved from /opt/airflow/dags/fetch_exchange_dag.py
[2025-05-23T08:31:42.313+0000] {logging_mixin.py:188} INFO - [2025-05-23T08:31:42.313+0000] {dag.py:3036} INFO - Sync 1 DAGs
[2025-05-23T08:31:42.327+0000] {logging_mixin.py:188} INFO - [2025-05-23T08:31:42.327+0000] {dag.py:3823} INFO - Setting next_dagrun for exchange_rate_fetch_dag to 2025-05-23 00:00:00+00:00, run_after=2025-05-24 00:00:00+00:00
[2025-05-23T08:31:42.338+0000] {processor.py:183} INFO - Processing /opt/airflow/dags/fetch_exchange_dag.py took 0.064 seconds
[2025-05-23T08:32:12.544+0000] {processor.py:161} INFO - Started process (PID=296) to work on /opt/airflow/dags/fetch_exchange_dag.py
[2025-05-23T08:32:12.545+0000] {processor.py:830} INFO - Processing file /opt/airflow/dags/fetch_exchange_dag.py for tasks to queue
[2025-05-23T08:32:12.546+0000] {logging_mixin.py:188} INFO - [2025-05-23T08:32:12.546+0000] {dagbag.py:538} INFO - Filling up the DagBag from /opt/airflow/dags/fetch_exchange_dag.py
[2025-05-23T08:32:12.559+0000] {processor.py:840} INFO - DAG(s) 'exchange_rate_fetch_dag' retrieved from /opt/airflow/dags/fetch_exchange_dag.py
[2025-05-23T08:32:12.574+0000] {logging_mixin.py:188} INFO - [2025-05-23T08:32:12.574+0000] {dag.py:3036} INFO - Sync 1 DAGs
[2025-05-23T08:32:12.588+0000] {logging_mixin.py:188} INFO - [2025-05-23T08:32:12.588+0000] {dag.py:3823} INFO - Setting next_dagrun for exchange_rate_fetch_dag to 2025-05-23 00:00:00+00:00, run_after=2025-05-24 00:00:00+00:00
[2025-05-23T08:32:12.601+0000] {processor.py:183} INFO - Processing /opt/airflow/dags/fetch_exchange_dag.py took 0.059 seconds
[2025-05-23T08:32:42.835+0000] {processor.py:161} INFO - Started process (PID=301) to work on /opt/airflow/dags/fetch_exchange_dag.py
[2025-05-23T08:32:42.835+0000] {processor.py:830} INFO - Processing file /opt/airflow/dags/fetch_exchange_dag.py for tasks to queue
[2025-05-23T08:32:42.836+0000] {logging_mixin.py:188} INFO - [2025-05-23T08:32:42.836+0000] {dagbag.py:538} INFO - Filling up the DagBag from /opt/airflow/dags/fetch_exchange_dag.py
[2025-05-23T08:32:42.844+0000] {processor.py:840} INFO - DAG(s) 'exchange_rate_fetch_dag' retrieved from /opt/airflow/dags/fetch_exchange_dag.py
[2025-05-23T08:32:42.854+0000] {logging_mixin.py:188} INFO - [2025-05-23T08:32:42.854+0000] {dag.py:3036} INFO - Sync 1 DAGs
[2025-05-23T08:32:42.863+0000] {logging_mixin.py:188} INFO - [2025-05-23T08:32:42.863+0000] {dag.py:3823} INFO - Setting next_dagrun for exchange_rate_fetch_dag to 2025-05-23 00:00:00+00:00, run_after=2025-05-24 00:00:00+00:00
[2025-05-23T08:32:42.869+0000] {processor.py:183} INFO - Processing /opt/airflow/dags/fetch_exchange_dag.py took 0.036 seconds
[2025-05-23T08:33:13.149+0000] {processor.py:161} INFO - Started process (PID=306) to work on /opt/airflow/dags/fetch_exchange_dag.py
[2025-05-23T08:33:13.150+0000] {processor.py:830} INFO - Processing file /opt/airflow/dags/fetch_exchange_dag.py for tasks to queue
[2025-05-23T08:33:13.150+0000] {logging_mixin.py:188} INFO - [2025-05-23T08:33:13.150+0000] {dagbag.py:538} INFO - Filling up the DagBag from /opt/airflow/dags/fetch_exchange_dag.py
[2025-05-23T08:33:13.166+0000] {processor.py:840} INFO - DAG(s) 'exchange_rate_fetch_dag' retrieved from /opt/airflow/dags/fetch_exchange_dag.py
[2025-05-23T08:33:13.183+0000] {logging_mixin.py:188} INFO - [2025-05-23T08:33:13.183+0000] {dag.py:3036} INFO - Sync 1 DAGs
[2025-05-23T08:33:13.193+0000] {logging_mixin.py:188} INFO - [2025-05-23T08:33:13.193+0000] {dag.py:3823} INFO - Setting next_dagrun for exchange_rate_fetch_dag to 2025-05-23 00:00:00+00:00, run_after=2025-05-24 00:00:00+00:00
[2025-05-23T08:33:13.202+0000] {processor.py:183} INFO - Processing /opt/airflow/dags/fetch_exchange_dag.py took 0.056 seconds
[2025-05-23T08:33:43.427+0000] {processor.py:161} INFO - Started process (PID=311) to work on /opt/airflow/dags/fetch_exchange_dag.py
[2025-05-23T08:33:43.427+0000] {processor.py:830} INFO - Processing file /opt/airflow/dags/fetch_exchange_dag.py for tasks to queue
[2025-05-23T08:33:43.428+0000] {logging_mixin.py:188} INFO - [2025-05-23T08:33:43.428+0000] {dagbag.py:538} INFO - Filling up the DagBag from /opt/airflow/dags/fetch_exchange_dag.py
[2025-05-23T08:33:43.439+0000] {processor.py:840} INFO - DAG(s) 'exchange_rate_fetch_dag' retrieved from /opt/airflow/dags/fetch_exchange_dag.py
[2025-05-23T08:33:43.451+0000] {logging_mixin.py:188} INFO - [2025-05-23T08:33:43.451+0000] {dag.py:3036} INFO - Sync 1 DAGs
[2025-05-23T08:33:43.461+0000] {logging_mixin.py:188} INFO - [2025-05-23T08:33:43.461+0000] {dag.py:3823} INFO - Setting next_dagrun for exchange_rate_fetch_dag to 2025-05-23 00:00:00+00:00, run_after=2025-05-24 00:00:00+00:00
[2025-05-23T08:33:43.469+0000] {processor.py:183} INFO - Processing /opt/airflow/dags/fetch_exchange_dag.py took 0.044 seconds
[2025-05-23T08:34:13.738+0000] {processor.py:161} INFO - Started process (PID=316) to work on /opt/airflow/dags/fetch_exchange_dag.py
[2025-05-23T08:34:13.738+0000] {processor.py:830} INFO - Processing file /opt/airflow/dags/fetch_exchange_dag.py for tasks to queue
[2025-05-23T08:34:13.739+0000] {logging_mixin.py:188} INFO - [2025-05-23T08:34:13.739+0000] {dagbag.py:538} INFO - Filling up the DagBag from /opt/airflow/dags/fetch_exchange_dag.py
[2025-05-23T08:34:13.751+0000] {processor.py:840} INFO - DAG(s) 'exchange_rate_fetch_dag' retrieved from /opt/airflow/dags/fetch_exchange_dag.py
[2025-05-23T08:34:13.766+0000] {logging_mixin.py:188} INFO - [2025-05-23T08:34:13.766+0000] {dag.py:3036} INFO - Sync 1 DAGs
[2025-05-23T08:34:13.779+0000] {logging_mixin.py:188} INFO - [2025-05-23T08:34:13.779+0000] {dag.py:3823} INFO - Setting next_dagrun for exchange_rate_fetch_dag to 2025-05-23 00:00:00+00:00, run_after=2025-05-24 00:00:00+00:00
[2025-05-23T08:34:13.789+0000] {processor.py:183} INFO - Processing /opt/airflow/dags/fetch_exchange_dag.py took 0.054 seconds
[2025-05-23T08:34:44.038+0000] {processor.py:161} INFO - Started process (PID=321) to work on /opt/airflow/dags/fetch_exchange_dag.py
[2025-05-23T08:34:44.039+0000] {processor.py:830} INFO - Processing file /opt/airflow/dags/fetch_exchange_dag.py for tasks to queue
[2025-05-23T08:34:44.039+0000] {logging_mixin.py:188} INFO - [2025-05-23T08:34:44.039+0000] {dagbag.py:538} INFO - Filling up the DagBag from /opt/airflow/dags/fetch_exchange_dag.py
[2025-05-23T08:34:44.052+0000] {processor.py:840} INFO - DAG(s) 'exchange_rate_fetch_dag' retrieved from /opt/airflow/dags/fetch_exchange_dag.py
[2025-05-23T08:34:44.066+0000] {logging_mixin.py:188} INFO - [2025-05-23T08:34:44.066+0000] {dag.py:3036} INFO - Sync 1 DAGs
[2025-05-23T08:34:44.077+0000] {logging_mixin.py:188} INFO - [2025-05-23T08:34:44.077+0000] {dag.py:3823} INFO - Setting next_dagrun for exchange_rate_fetch_dag to 2025-05-23 00:00:00+00:00, run_after=2025-05-24 00:00:00+00:00
[2025-05-23T08:34:44.087+0000] {processor.py:183} INFO - Processing /opt/airflow/dags/fetch_exchange_dag.py took 0.052 seconds
[2025-05-23T08:35:14.366+0000] {processor.py:161} INFO - Started process (PID=326) to work on /opt/airflow/dags/fetch_exchange_dag.py
[2025-05-23T08:35:14.367+0000] {processor.py:830} INFO - Processing file /opt/airflow/dags/fetch_exchange_dag.py for tasks to queue
[2025-05-23T08:35:14.367+0000] {logging_mixin.py:188} INFO - [2025-05-23T08:35:14.367+0000] {dagbag.py:538} INFO - Filling up the DagBag from /opt/airflow/dags/fetch_exchange_dag.py
[2025-05-23T08:35:14.385+0000] {processor.py:840} INFO - DAG(s) 'exchange_rate_fetch_dag' retrieved from /opt/airflow/dags/fetch_exchange_dag.py
[2025-05-23T08:35:14.403+0000] {logging_mixin.py:188} INFO - [2025-05-23T08:35:14.402+0000] {dag.py:3036} INFO - Sync 1 DAGs
[2025-05-23T08:35:14.414+0000] {logging_mixin.py:188} INFO - [2025-05-23T08:35:14.414+0000] {dag.py:3823} INFO - Setting next_dagrun for exchange_rate_fetch_dag to 2025-05-23 00:00:00+00:00, run_after=2025-05-24 00:00:00+00:00
[2025-05-23T08:35:14.422+0000] {processor.py:183} INFO - Processing /opt/airflow/dags/fetch_exchange_dag.py took 0.059 seconds
[2025-05-23T08:35:44.728+0000] {processor.py:161} INFO - Started process (PID=331) to work on /opt/airflow/dags/fetch_exchange_dag.py
[2025-05-23T08:35:44.729+0000] {processor.py:830} INFO - Processing file /opt/airflow/dags/fetch_exchange_dag.py for tasks to queue
[2025-05-23T08:35:44.729+0000] {logging_mixin.py:188} INFO - [2025-05-23T08:35:44.729+0000] {dagbag.py:538} INFO - Filling up the DagBag from /opt/airflow/dags/fetch_exchange_dag.py
[2025-05-23T08:35:44.742+0000] {processor.py:840} INFO - DAG(s) 'exchange_rate_fetch_dag' retrieved from /opt/airflow/dags/fetch_exchange_dag.py
[2025-05-23T08:35:44.757+0000] {logging_mixin.py:188} INFO - [2025-05-23T08:35:44.756+0000] {dag.py:3036} INFO - Sync 1 DAGs
[2025-05-23T08:35:44.767+0000] {logging_mixin.py:188} INFO - [2025-05-23T08:35:44.767+0000] {dag.py:3823} INFO - Setting next_dagrun for exchange_rate_fetch_dag to 2025-05-23 00:00:00+00:00, run_after=2025-05-24 00:00:00+00:00
[2025-05-23T08:35:44.774+0000] {processor.py:183} INFO - Processing /opt/airflow/dags/fetch_exchange_dag.py took 0.049 seconds
[2025-05-23T08:36:15.053+0000] {processor.py:161} INFO - Started process (PID=336) to work on /opt/airflow/dags/fetch_exchange_dag.py
[2025-05-23T08:36:15.054+0000] {processor.py:830} INFO - Processing file /opt/airflow/dags/fetch_exchange_dag.py for tasks to queue
[2025-05-23T08:36:15.054+0000] {logging_mixin.py:188} INFO - [2025-05-23T08:36:15.054+0000] {dagbag.py:538} INFO - Filling up the DagBag from /opt/airflow/dags/fetch_exchange_dag.py
[2025-05-23T08:36:15.068+0000] {processor.py:840} INFO - DAG(s) 'exchange_rate_fetch_dag' retrieved from /opt/airflow/dags/fetch_exchange_dag.py
[2025-05-23T08:36:15.084+0000] {logging_mixin.py:188} INFO - [2025-05-23T08:36:15.084+0000] {dag.py:3036} INFO - Sync 1 DAGs
[2025-05-23T08:36:15.096+0000] {logging_mixin.py:188} INFO - [2025-05-23T08:36:15.096+0000] {dag.py:3823} INFO - Setting next_dagrun for exchange_rate_fetch_dag to 2025-05-23 00:00:00+00:00, run_after=2025-05-24 00:00:00+00:00
[2025-05-23T08:36:15.104+0000] {processor.py:183} INFO - Processing /opt/airflow/dags/fetch_exchange_dag.py took 0.054 seconds
[2025-05-23T08:36:45.378+0000] {processor.py:161} INFO - Started process (PID=341) to work on /opt/airflow/dags/fetch_exchange_dag.py
[2025-05-23T08:36:45.378+0000] {processor.py:830} INFO - Processing file /opt/airflow/dags/fetch_exchange_dag.py for tasks to queue
[2025-05-23T08:36:45.379+0000] {logging_mixin.py:188} INFO - [2025-05-23T08:36:45.379+0000] {dagbag.py:538} INFO - Filling up the DagBag from /opt/airflow/dags/fetch_exchange_dag.py
[2025-05-23T08:36:45.392+0000] {processor.py:840} INFO - DAG(s) 'exchange_rate_fetch_dag' retrieved from /opt/airflow/dags/fetch_exchange_dag.py
[2025-05-23T08:36:45.405+0000] {logging_mixin.py:188} INFO - [2025-05-23T08:36:45.405+0000] {dag.py:3036} INFO - Sync 1 DAGs
[2025-05-23T08:36:45.415+0000] {logging_mixin.py:188} INFO - [2025-05-23T08:36:45.415+0000] {dag.py:3823} INFO - Setting next_dagrun for exchange_rate_fetch_dag to 2025-05-23 00:00:00+00:00, run_after=2025-05-24 00:00:00+00:00
[2025-05-23T08:36:45.423+0000] {processor.py:183} INFO - Processing /opt/airflow/dags/fetch_exchange_dag.py took 0.048 seconds
[2025-05-23T08:37:15.688+0000] {processor.py:161} INFO - Started process (PID=346) to work on /opt/airflow/dags/fetch_exchange_dag.py
[2025-05-23T08:37:15.689+0000] {processor.py:830} INFO - Processing file /opt/airflow/dags/fetch_exchange_dag.py for tasks to queue
[2025-05-23T08:37:15.690+0000] {logging_mixin.py:188} INFO - [2025-05-23T08:37:15.690+0000] {dagbag.py:538} INFO - Filling up the DagBag from /opt/airflow/dags/fetch_exchange_dag.py
[2025-05-23T08:37:15.703+0000] {processor.py:840} INFO - DAG(s) 'exchange_rate_fetch_dag' retrieved from /opt/airflow/dags/fetch_exchange_dag.py
[2025-05-23T08:37:15.716+0000] {logging_mixin.py:188} INFO - [2025-05-23T08:37:15.716+0000] {dag.py:3036} INFO - Sync 1 DAGs
[2025-05-23T08:37:15.726+0000] {logging_mixin.py:188} INFO - [2025-05-23T08:37:15.726+0000] {dag.py:3823} INFO - Setting next_dagrun for exchange_rate_fetch_dag to 2025-05-23 00:00:00+00:00, run_after=2025-05-24 00:00:00+00:00
[2025-05-23T08:37:15.734+0000] {processor.py:183} INFO - Processing /opt/airflow/dags/fetch_exchange_dag.py took 0.048 seconds
[2025-05-23T08:37:45.976+0000] {processor.py:161} INFO - Started process (PID=351) to work on /opt/airflow/dags/fetch_exchange_dag.py
[2025-05-23T08:37:45.977+0000] {processor.py:830} INFO - Processing file /opt/airflow/dags/fetch_exchange_dag.py for tasks to queue
[2025-05-23T08:37:45.978+0000] {logging_mixin.py:188} INFO - [2025-05-23T08:37:45.978+0000] {dagbag.py:538} INFO - Filling up the DagBag from /opt/airflow/dags/fetch_exchange_dag.py
[2025-05-23T08:37:45.993+0000] {processor.py:840} INFO - DAG(s) 'exchange_rate_fetch_dag' retrieved from /opt/airflow/dags/fetch_exchange_dag.py
[2025-05-23T08:37:46.008+0000] {logging_mixin.py:188} INFO - [2025-05-23T08:37:46.007+0000] {dag.py:3036} INFO - Sync 1 DAGs
[2025-05-23T08:37:46.018+0000] {logging_mixin.py:188} INFO - [2025-05-23T08:37:46.018+0000] {dag.py:3823} INFO - Setting next_dagrun for exchange_rate_fetch_dag to 2025-05-23 00:00:00+00:00, run_after=2025-05-24 00:00:00+00:00
[2025-05-23T08:37:46.027+0000] {processor.py:183} INFO - Processing /opt/airflow/dags/fetch_exchange_dag.py took 0.054 seconds
[2025-05-23T08:38:16.299+0000] {processor.py:161} INFO - Started process (PID=356) to work on /opt/airflow/dags/fetch_exchange_dag.py
[2025-05-23T08:38:16.300+0000] {processor.py:830} INFO - Processing file /opt/airflow/dags/fetch_exchange_dag.py for tasks to queue
[2025-05-23T08:38:16.300+0000] {logging_mixin.py:188} INFO - [2025-05-23T08:38:16.300+0000] {dagbag.py:538} INFO - Filling up the DagBag from /opt/airflow/dags/fetch_exchange_dag.py
[2025-05-23T08:38:16.314+0000] {processor.py:840} INFO - DAG(s) 'exchange_rate_fetch_dag' retrieved from /opt/airflow/dags/fetch_exchange_dag.py
[2025-05-23T08:38:16.327+0000] {logging_mixin.py:188} INFO - [2025-05-23T08:38:16.326+0000] {dag.py:3036} INFO - Sync 1 DAGs
[2025-05-23T08:38:16.337+0000] {logging_mixin.py:188} INFO - [2025-05-23T08:38:16.337+0000] {dag.py:3823} INFO - Setting next_dagrun for exchange_rate_fetch_dag to 2025-05-23 00:00:00+00:00, run_after=2025-05-24 00:00:00+00:00
[2025-05-23T08:38:16.345+0000] {processor.py:183} INFO - Processing /opt/airflow/dags/fetch_exchange_dag.py took 0.048 seconds
[2025-05-23T08:38:46.588+0000] {processor.py:161} INFO - Started process (PID=361) to work on /opt/airflow/dags/fetch_exchange_dag.py
[2025-05-23T08:38:46.588+0000] {processor.py:830} INFO - Processing file /opt/airflow/dags/fetch_exchange_dag.py for tasks to queue
[2025-05-23T08:38:46.590+0000] {logging_mixin.py:188} INFO - [2025-05-23T08:38:46.589+0000] {dagbag.py:538} INFO - Filling up the DagBag from /opt/airflow/dags/fetch_exchange_dag.py
[2025-05-23T08:38:46.605+0000] {processor.py:840} INFO - DAG(s) 'exchange_rate_fetch_dag' retrieved from /opt/airflow/dags/fetch_exchange_dag.py
[2025-05-23T08:38:46.626+0000] {logging_mixin.py:188} INFO - [2025-05-23T08:38:46.626+0000] {dag.py:3036} INFO - Sync 1 DAGs
[2025-05-23T08:38:46.641+0000] {logging_mixin.py:188} INFO - [2025-05-23T08:38:46.641+0000] {dag.py:3823} INFO - Setting next_dagrun for exchange_rate_fetch_dag to 2025-05-23 00:00:00+00:00, run_after=2025-05-24 00:00:00+00:00
[2025-05-23T08:38:46.653+0000] {processor.py:183} INFO - Processing /opt/airflow/dags/fetch_exchange_dag.py took 0.067 seconds
[2025-05-23T08:39:16.909+0000] {processor.py:161} INFO - Started process (PID=370) to work on /opt/airflow/dags/fetch_exchange_dag.py
[2025-05-23T08:39:16.910+0000] {processor.py:830} INFO - Processing file /opt/airflow/dags/fetch_exchange_dag.py for tasks to queue
[2025-05-23T08:39:16.911+0000] {logging_mixin.py:188} INFO - [2025-05-23T08:39:16.910+0000] {dagbag.py:538} INFO - Filling up the DagBag from /opt/airflow/dags/fetch_exchange_dag.py
[2025-05-23T08:39:16.924+0000] {processor.py:840} INFO - DAG(s) 'exchange_rate_fetch_dag' retrieved from /opt/airflow/dags/fetch_exchange_dag.py
[2025-05-23T08:39:16.939+0000] {logging_mixin.py:188} INFO - [2025-05-23T08:39:16.938+0000] {dag.py:3036} INFO - Sync 1 DAGs
[2025-05-23T08:39:16.948+0000] {logging_mixin.py:188} INFO - [2025-05-23T08:39:16.948+0000] {dag.py:3823} INFO - Setting next_dagrun for exchange_rate_fetch_dag to 2025-05-23 00:00:00+00:00, run_after=2025-05-24 00:00:00+00:00
[2025-05-23T08:39:16.956+0000] {processor.py:183} INFO - Processing /opt/airflow/dags/fetch_exchange_dag.py took 0.050 seconds
[2025-05-23T08:39:47.191+0000] {processor.py:161} INFO - Started process (PID=375) to work on /opt/airflow/dags/fetch_exchange_dag.py
[2025-05-23T08:39:47.192+0000] {processor.py:830} INFO - Processing file /opt/airflow/dags/fetch_exchange_dag.py for tasks to queue
[2025-05-23T08:39:47.192+0000] {logging_mixin.py:188} INFO - [2025-05-23T08:39:47.192+0000] {dagbag.py:538} INFO - Filling up the DagBag from /opt/airflow/dags/fetch_exchange_dag.py
[2025-05-23T08:39:47.206+0000] {processor.py:840} INFO - DAG(s) 'exchange_rate_fetch_dag' retrieved from /opt/airflow/dags/fetch_exchange_dag.py
[2025-05-23T08:39:47.220+0000] {logging_mixin.py:188} INFO - [2025-05-23T08:39:47.220+0000] {dag.py:3036} INFO - Sync 1 DAGs
[2025-05-23T08:39:47.231+0000] {logging_mixin.py:188} INFO - [2025-05-23T08:39:47.231+0000] {dag.py:3823} INFO - Setting next_dagrun for exchange_rate_fetch_dag to 2025-05-23 00:00:00+00:00, run_after=2025-05-24 00:00:00+00:00
[2025-05-23T08:39:47.241+0000] {processor.py:183} INFO - Processing /opt/airflow/dags/fetch_exchange_dag.py took 0.052 seconds
[2025-05-23T08:40:17.497+0000] {processor.py:161} INFO - Started process (PID=380) to work on /opt/airflow/dags/fetch_exchange_dag.py
[2025-05-23T08:40:17.498+0000] {processor.py:830} INFO - Processing file /opt/airflow/dags/fetch_exchange_dag.py for tasks to queue
[2025-05-23T08:40:17.499+0000] {logging_mixin.py:188} INFO - [2025-05-23T08:40:17.498+0000] {dagbag.py:538} INFO - Filling up the DagBag from /opt/airflow/dags/fetch_exchange_dag.py
[2025-05-23T08:40:17.513+0000] {processor.py:840} INFO - DAG(s) 'exchange_rate_fetch_dag' retrieved from /opt/airflow/dags/fetch_exchange_dag.py
[2025-05-23T08:40:17.530+0000] {logging_mixin.py:188} INFO - [2025-05-23T08:40:17.529+0000] {dag.py:3036} INFO - Sync 1 DAGs
[2025-05-23T08:40:17.542+0000] {logging_mixin.py:188} INFO - [2025-05-23T08:40:17.542+0000] {dag.py:3823} INFO - Setting next_dagrun for exchange_rate_fetch_dag to 2025-05-23 00:00:00+00:00, run_after=2025-05-24 00:00:00+00:00
[2025-05-23T08:40:17.550+0000] {processor.py:183} INFO - Processing /opt/airflow/dags/fetch_exchange_dag.py took 0.056 seconds
[2025-05-23T08:40:47.785+0000] {processor.py:161} INFO - Started process (PID=385) to work on /opt/airflow/dags/fetch_exchange_dag.py
[2025-05-23T08:40:47.785+0000] {processor.py:830} INFO - Processing file /opt/airflow/dags/fetch_exchange_dag.py for tasks to queue
[2025-05-23T08:40:47.786+0000] {logging_mixin.py:188} INFO - [2025-05-23T08:40:47.786+0000] {dagbag.py:538} INFO - Filling up the DagBag from /opt/airflow/dags/fetch_exchange_dag.py
[2025-05-23T08:40:47.797+0000] {processor.py:840} INFO - DAG(s) 'exchange_rate_fetch_dag' retrieved from /opt/airflow/dags/fetch_exchange_dag.py
[2025-05-23T08:40:47.810+0000] {logging_mixin.py:188} INFO - [2025-05-23T08:40:47.810+0000] {dag.py:3036} INFO - Sync 1 DAGs
[2025-05-23T08:40:47.821+0000] {logging_mixin.py:188} INFO - [2025-05-23T08:40:47.821+0000] {dag.py:3823} INFO - Setting next_dagrun for exchange_rate_fetch_dag to 2025-05-23 00:00:00+00:00, run_after=2025-05-24 00:00:00+00:00
[2025-05-23T08:40:47.828+0000] {processor.py:183} INFO - Processing /opt/airflow/dags/fetch_exchange_dag.py took 0.045 seconds
[2025-05-23T08:41:18.036+0000] {processor.py:161} INFO - Started process (PID=390) to work on /opt/airflow/dags/fetch_exchange_dag.py
[2025-05-23T08:41:18.036+0000] {processor.py:830} INFO - Processing file /opt/airflow/dags/fetch_exchange_dag.py for tasks to queue
[2025-05-23T08:41:18.037+0000] {logging_mixin.py:188} INFO - [2025-05-23T08:41:18.036+0000] {dagbag.py:538} INFO - Filling up the DagBag from /opt/airflow/dags/fetch_exchange_dag.py
[2025-05-23T08:41:18.046+0000] {processor.py:840} INFO - DAG(s) 'exchange_rate_fetch_dag' retrieved from /opt/airflow/dags/fetch_exchange_dag.py
[2025-05-23T08:41:18.058+0000] {logging_mixin.py:188} INFO - [2025-05-23T08:41:18.058+0000] {dag.py:3036} INFO - Sync 1 DAGs
[2025-05-23T08:41:18.068+0000] {logging_mixin.py:188} INFO - [2025-05-23T08:41:18.068+0000] {dag.py:3823} INFO - Setting next_dagrun for exchange_rate_fetch_dag to 2025-05-23 00:00:00+00:00, run_after=2025-05-24 00:00:00+00:00
[2025-05-23T08:41:18.075+0000] {processor.py:183} INFO - Processing /opt/airflow/dags/fetch_exchange_dag.py took 0.041 seconds
[2025-05-23T08:41:48.317+0000] {processor.py:161} INFO - Started process (PID=395) to work on /opt/airflow/dags/fetch_exchange_dag.py
[2025-05-23T08:41:48.317+0000] {processor.py:830} INFO - Processing file /opt/airflow/dags/fetch_exchange_dag.py for tasks to queue
[2025-05-23T08:41:48.318+0000] {logging_mixin.py:188} INFO - [2025-05-23T08:41:48.317+0000] {dagbag.py:538} INFO - Filling up the DagBag from /opt/airflow/dags/fetch_exchange_dag.py
[2025-05-23T08:41:48.328+0000] {processor.py:840} INFO - DAG(s) 'exchange_rate_fetch_dag' retrieved from /opt/airflow/dags/fetch_exchange_dag.py
[2025-05-23T08:41:48.340+0000] {logging_mixin.py:188} INFO - [2025-05-23T08:41:48.340+0000] {dag.py:3036} INFO - Sync 1 DAGs
[2025-05-23T08:41:48.351+0000] {logging_mixin.py:188} INFO - [2025-05-23T08:41:48.351+0000] {dag.py:3823} INFO - Setting next_dagrun for exchange_rate_fetch_dag to 2025-05-23 00:00:00+00:00, run_after=2025-05-24 00:00:00+00:00
[2025-05-23T08:41:48.358+0000] {processor.py:183} INFO - Processing /opt/airflow/dags/fetch_exchange_dag.py took 0.043 seconds
[2025-05-23T08:42:18.598+0000] {processor.py:161} INFO - Started process (PID=400) to work on /opt/airflow/dags/fetch_exchange_dag.py
[2025-05-23T08:42:18.598+0000] {processor.py:830} INFO - Processing file /opt/airflow/dags/fetch_exchange_dag.py for tasks to queue
[2025-05-23T08:42:18.599+0000] {logging_mixin.py:188} INFO - [2025-05-23T08:42:18.599+0000] {dagbag.py:538} INFO - Filling up the DagBag from /opt/airflow/dags/fetch_exchange_dag.py
[2025-05-23T08:42:18.609+0000] {processor.py:840} INFO - DAG(s) 'exchange_rate_fetch_dag' retrieved from /opt/airflow/dags/fetch_exchange_dag.py
[2025-05-23T08:42:18.621+0000] {logging_mixin.py:188} INFO - [2025-05-23T08:42:18.621+0000] {dag.py:3036} INFO - Sync 1 DAGs
[2025-05-23T08:42:18.631+0000] {logging_mixin.py:188} INFO - [2025-05-23T08:42:18.631+0000] {dag.py:3823} INFO - Setting next_dagrun for exchange_rate_fetch_dag to 2025-05-23 00:00:00+00:00, run_after=2025-05-24 00:00:00+00:00
[2025-05-23T08:42:18.639+0000] {processor.py:183} INFO - Processing /opt/airflow/dags/fetch_exchange_dag.py took 0.043 seconds
[2025-05-23T08:42:48.685+0000] {processor.py:161} INFO - Started process (PID=405) to work on /opt/airflow/dags/fetch_exchange_dag.py
[2025-05-23T08:42:48.686+0000] {processor.py:830} INFO - Processing file /opt/airflow/dags/fetch_exchange_dag.py for tasks to queue
[2025-05-23T08:42:48.686+0000] {logging_mixin.py:188} INFO - [2025-05-23T08:42:48.686+0000] {dagbag.py:538} INFO - Filling up the DagBag from /opt/airflow/dags/fetch_exchange_dag.py
[2025-05-23T08:42:48.696+0000] {processor.py:840} INFO - DAG(s) 'exchange_rate_fetch_dag' retrieved from /opt/airflow/dags/fetch_exchange_dag.py
[2025-05-23T08:42:48.707+0000] {logging_mixin.py:188} INFO - [2025-05-23T08:42:48.707+0000] {dag.py:3036} INFO - Sync 1 DAGs
[2025-05-23T08:42:48.717+0000] {logging_mixin.py:188} INFO - [2025-05-23T08:42:48.717+0000] {dag.py:3823} INFO - Setting next_dagrun for exchange_rate_fetch_dag to 2025-05-23 00:00:00+00:00, run_after=2025-05-24 00:00:00+00:00
[2025-05-23T08:42:48.725+0000] {processor.py:183} INFO - Processing /opt/airflow/dags/fetch_exchange_dag.py took 0.041 seconds
[2025-05-23T08:43:18.936+0000] {processor.py:161} INFO - Started process (PID=410) to work on /opt/airflow/dags/fetch_exchange_dag.py
[2025-05-23T08:43:18.937+0000] {processor.py:830} INFO - Processing file /opt/airflow/dags/fetch_exchange_dag.py for tasks to queue
[2025-05-23T08:43:18.937+0000] {logging_mixin.py:188} INFO - [2025-05-23T08:43:18.937+0000] {dagbag.py:538} INFO - Filling up the DagBag from /opt/airflow/dags/fetch_exchange_dag.py
[2025-05-23T08:43:18.950+0000] {processor.py:840} INFO - DAG(s) 'exchange_rate_fetch_dag' retrieved from /opt/airflow/dags/fetch_exchange_dag.py
[2025-05-23T08:43:18.962+0000] {logging_mixin.py:188} INFO - [2025-05-23T08:43:18.962+0000] {dag.py:3036} INFO - Sync 1 DAGs
[2025-05-23T08:43:18.973+0000] {logging_mixin.py:188} INFO - [2025-05-23T08:43:18.973+0000] {dag.py:3823} INFO - Setting next_dagrun for exchange_rate_fetch_dag to 2025-05-23 00:00:00+00:00, run_after=2025-05-24 00:00:00+00:00
[2025-05-23T08:43:18.981+0000] {processor.py:183} INFO - Processing /opt/airflow/dags/fetch_exchange_dag.py took 0.048 seconds
[2025-05-23T08:43:49.255+0000] {processor.py:161} INFO - Started process (PID=415) to work on /opt/airflow/dags/fetch_exchange_dag.py
[2025-05-23T08:43:49.256+0000] {processor.py:830} INFO - Processing file /opt/airflow/dags/fetch_exchange_dag.py for tasks to queue
[2025-05-23T08:43:49.257+0000] {logging_mixin.py:188} INFO - [2025-05-23T08:43:49.257+0000] {dagbag.py:538} INFO - Filling up the DagBag from /opt/airflow/dags/fetch_exchange_dag.py
[2025-05-23T08:43:49.271+0000] {processor.py:840} INFO - DAG(s) 'exchange_rate_fetch_dag' retrieved from /opt/airflow/dags/fetch_exchange_dag.py
[2025-05-23T08:43:49.285+0000] {logging_mixin.py:188} INFO - [2025-05-23T08:43:49.285+0000] {dag.py:3036} INFO - Sync 1 DAGs
[2025-05-23T08:43:49.297+0000] {logging_mixin.py:188} INFO - [2025-05-23T08:43:49.296+0000] {dag.py:3823} INFO - Setting next_dagrun for exchange_rate_fetch_dag to 2025-05-23 00:00:00+00:00, run_after=2025-05-24 00:00:00+00:00
[2025-05-23T08:43:49.304+0000] {processor.py:183} INFO - Processing /opt/airflow/dags/fetch_exchange_dag.py took 0.052 seconds
[2025-05-23T08:44:19.589+0000] {processor.py:161} INFO - Started process (PID=420) to work on /opt/airflow/dags/fetch_exchange_dag.py
[2025-05-23T08:44:19.590+0000] {processor.py:830} INFO - Processing file /opt/airflow/dags/fetch_exchange_dag.py for tasks to queue
[2025-05-23T08:44:19.591+0000] {logging_mixin.py:188} INFO - [2025-05-23T08:44:19.591+0000] {dagbag.py:538} INFO - Filling up the DagBag from /opt/airflow/dags/fetch_exchange_dag.py
[2025-05-23T08:44:19.605+0000] {processor.py:840} INFO - DAG(s) 'exchange_rate_fetch_dag' retrieved from /opt/airflow/dags/fetch_exchange_dag.py
[2025-05-23T08:44:19.621+0000] {logging_mixin.py:188} INFO - [2025-05-23T08:44:19.621+0000] {dag.py:3036} INFO - Sync 1 DAGs
[2025-05-23T08:44:19.634+0000] {logging_mixin.py:188} INFO - [2025-05-23T08:44:19.634+0000] {dag.py:3823} INFO - Setting next_dagrun for exchange_rate_fetch_dag to 2025-05-23 00:00:00+00:00, run_after=2025-05-24 00:00:00+00:00
[2025-05-23T08:44:19.642+0000] {processor.py:183} INFO - Processing /opt/airflow/dags/fetch_exchange_dag.py took 0.056 seconds
[2025-05-23T08:44:49.915+0000] {processor.py:161} INFO - Started process (PID=425) to work on /opt/airflow/dags/fetch_exchange_dag.py
[2025-05-23T08:44:49.915+0000] {processor.py:830} INFO - Processing file /opt/airflow/dags/fetch_exchange_dag.py for tasks to queue
[2025-05-23T08:44:49.916+0000] {logging_mixin.py:188} INFO - [2025-05-23T08:44:49.916+0000] {dagbag.py:538} INFO - Filling up the DagBag from /opt/airflow/dags/fetch_exchange_dag.py
[2025-05-23T08:44:49.928+0000] {processor.py:840} INFO - DAG(s) 'exchange_rate_fetch_dag' retrieved from /opt/airflow/dags/fetch_exchange_dag.py
[2025-05-23T08:44:49.943+0000] {logging_mixin.py:188} INFO - [2025-05-23T08:44:49.943+0000] {dag.py:3036} INFO - Sync 1 DAGs
[2025-05-23T08:44:49.955+0000] {logging_mixin.py:188} INFO - [2025-05-23T08:44:49.955+0000] {dag.py:3823} INFO - Setting next_dagrun for exchange_rate_fetch_dag to 2025-05-23 00:00:00+00:00, run_after=2025-05-24 00:00:00+00:00
[2025-05-23T08:44:49.963+0000] {processor.py:183} INFO - Processing /opt/airflow/dags/fetch_exchange_dag.py took 0.051 seconds
[2025-05-23T08:45:20.244+0000] {processor.py:161} INFO - Started process (PID=430) to work on /opt/airflow/dags/fetch_exchange_dag.py
[2025-05-23T08:45:20.245+0000] {processor.py:830} INFO - Processing file /opt/airflow/dags/fetch_exchange_dag.py for tasks to queue
[2025-05-23T08:45:20.245+0000] {logging_mixin.py:188} INFO - [2025-05-23T08:45:20.245+0000] {dagbag.py:538} INFO - Filling up the DagBag from /opt/airflow/dags/fetch_exchange_dag.py
[2025-05-23T08:45:20.259+0000] {processor.py:840} INFO - DAG(s) 'exchange_rate_fetch_dag' retrieved from /opt/airflow/dags/fetch_exchange_dag.py
[2025-05-23T08:45:20.273+0000] {logging_mixin.py:188} INFO - [2025-05-23T08:45:20.273+0000] {dag.py:3036} INFO - Sync 1 DAGs
[2025-05-23T08:45:20.283+0000] {logging_mixin.py:188} INFO - [2025-05-23T08:45:20.283+0000] {dag.py:3823} INFO - Setting next_dagrun for exchange_rate_fetch_dag to 2025-05-23 00:00:00+00:00, run_after=2025-05-24 00:00:00+00:00
[2025-05-23T08:45:20.291+0000] {processor.py:183} INFO - Processing /opt/airflow/dags/fetch_exchange_dag.py took 0.050 seconds
[2025-05-23T08:45:50.574+0000] {processor.py:161} INFO - Started process (PID=435) to work on /opt/airflow/dags/fetch_exchange_dag.py
[2025-05-23T08:45:50.575+0000] {processor.py:830} INFO - Processing file /opt/airflow/dags/fetch_exchange_dag.py for tasks to queue
[2025-05-23T08:45:50.576+0000] {logging_mixin.py:188} INFO - [2025-05-23T08:45:50.576+0000] {dagbag.py:538} INFO - Filling up the DagBag from /opt/airflow/dags/fetch_exchange_dag.py
[2025-05-23T08:45:50.589+0000] {processor.py:840} INFO - DAG(s) 'exchange_rate_fetch_dag' retrieved from /opt/airflow/dags/fetch_exchange_dag.py
[2025-05-23T08:45:50.606+0000] {logging_mixin.py:188} INFO - [2025-05-23T08:45:50.606+0000] {dag.py:3036} INFO - Sync 1 DAGs
[2025-05-23T08:45:50.619+0000] {logging_mixin.py:188} INFO - [2025-05-23T08:45:50.619+0000] {dag.py:3823} INFO - Setting next_dagrun for exchange_rate_fetch_dag to 2025-05-23 00:00:00+00:00, run_after=2025-05-24 00:00:00+00:00
[2025-05-23T08:45:50.628+0000] {processor.py:183} INFO - Processing /opt/airflow/dags/fetch_exchange_dag.py took 0.056 seconds
[2025-05-23T08:46:20.927+0000] {processor.py:161} INFO - Started process (PID=440) to work on /opt/airflow/dags/fetch_exchange_dag.py
[2025-05-23T08:46:20.927+0000] {processor.py:830} INFO - Processing file /opt/airflow/dags/fetch_exchange_dag.py for tasks to queue
[2025-05-23T08:46:20.928+0000] {logging_mixin.py:188} INFO - [2025-05-23T08:46:20.928+0000] {dagbag.py:538} INFO - Filling up the DagBag from /opt/airflow/dags/fetch_exchange_dag.py
[2025-05-23T08:46:20.941+0000] {processor.py:840} INFO - DAG(s) 'exchange_rate_fetch_dag' retrieved from /opt/airflow/dags/fetch_exchange_dag.py
[2025-05-23T08:46:20.953+0000] {logging_mixin.py:188} INFO - [2025-05-23T08:46:20.953+0000] {dag.py:3036} INFO - Sync 1 DAGs
[2025-05-23T08:46:20.964+0000] {logging_mixin.py:188} INFO - [2025-05-23T08:46:20.964+0000] {dag.py:3823} INFO - Setting next_dagrun for exchange_rate_fetch_dag to 2025-05-23 00:00:00+00:00, run_after=2025-05-24 00:00:00+00:00
[2025-05-23T08:46:20.972+0000] {processor.py:183} INFO - Processing /opt/airflow/dags/fetch_exchange_dag.py took 0.048 seconds
[2025-05-23T08:46:51.303+0000] {processor.py:161} INFO - Started process (PID=445) to work on /opt/airflow/dags/fetch_exchange_dag.py
[2025-05-23T08:46:51.304+0000] {processor.py:830} INFO - Processing file /opt/airflow/dags/fetch_exchange_dag.py for tasks to queue
[2025-05-23T08:46:51.305+0000] {logging_mixin.py:188} INFO - [2025-05-23T08:46:51.305+0000] {dagbag.py:538} INFO - Filling up the DagBag from /opt/airflow/dags/fetch_exchange_dag.py
[2025-05-23T08:46:51.319+0000] {processor.py:840} INFO - DAG(s) 'exchange_rate_fetch_dag' retrieved from /opt/airflow/dags/fetch_exchange_dag.py
[2025-05-23T08:46:51.333+0000] {logging_mixin.py:188} INFO - [2025-05-23T08:46:51.333+0000] {dag.py:3036} INFO - Sync 1 DAGs
[2025-05-23T08:46:51.345+0000] {logging_mixin.py:188} INFO - [2025-05-23T08:46:51.345+0000] {dag.py:3823} INFO - Setting next_dagrun for exchange_rate_fetch_dag to 2025-05-23 00:00:00+00:00, run_after=2025-05-24 00:00:00+00:00
[2025-05-23T08:46:51.353+0000] {processor.py:183} INFO - Processing /opt/airflow/dags/fetch_exchange_dag.py took 0.053 seconds
[2025-05-23T08:47:21.672+0000] {processor.py:161} INFO - Started process (PID=450) to work on /opt/airflow/dags/fetch_exchange_dag.py
[2025-05-23T08:47:21.673+0000] {processor.py:830} INFO - Processing file /opt/airflow/dags/fetch_exchange_dag.py for tasks to queue
[2025-05-23T08:47:21.674+0000] {logging_mixin.py:188} INFO - [2025-05-23T08:47:21.674+0000] {dagbag.py:538} INFO - Filling up the DagBag from /opt/airflow/dags/fetch_exchange_dag.py
[2025-05-23T08:47:21.690+0000] {processor.py:840} INFO - DAG(s) 'exchange_rate_fetch_dag' retrieved from /opt/airflow/dags/fetch_exchange_dag.py
[2025-05-23T08:47:21.704+0000] {logging_mixin.py:188} INFO - [2025-05-23T08:47:21.704+0000] {dag.py:3036} INFO - Sync 1 DAGs
[2025-05-23T08:47:21.715+0000] {logging_mixin.py:188} INFO - [2025-05-23T08:47:21.715+0000] {dag.py:3823} INFO - Setting next_dagrun for exchange_rate_fetch_dag to 2025-05-23 00:00:00+00:00, run_after=2025-05-24 00:00:00+00:00
[2025-05-23T08:47:21.723+0000] {processor.py:183} INFO - Processing /opt/airflow/dags/fetch_exchange_dag.py took 0.054 seconds
[2025-05-23T08:47:51.983+0000] {processor.py:161} INFO - Started process (PID=455) to work on /opt/airflow/dags/fetch_exchange_dag.py
[2025-05-23T08:47:51.984+0000] {processor.py:830} INFO - Processing file /opt/airflow/dags/fetch_exchange_dag.py for tasks to queue
[2025-05-23T08:47:51.984+0000] {logging_mixin.py:188} INFO - [2025-05-23T08:47:51.984+0000] {dagbag.py:538} INFO - Filling up the DagBag from /opt/airflow/dags/fetch_exchange_dag.py
[2025-05-23T08:47:51.995+0000] {processor.py:840} INFO - DAG(s) 'exchange_rate_fetch_dag' retrieved from /opt/airflow/dags/fetch_exchange_dag.py
[2025-05-23T08:47:52.009+0000] {logging_mixin.py:188} INFO - [2025-05-23T08:47:52.009+0000] {dag.py:3036} INFO - Sync 1 DAGs
[2025-05-23T08:47:52.019+0000] {logging_mixin.py:188} INFO - [2025-05-23T08:47:52.019+0000] {dag.py:3823} INFO - Setting next_dagrun for exchange_rate_fetch_dag to 2025-05-23 00:00:00+00:00, run_after=2025-05-24 00:00:00+00:00
[2025-05-23T08:47:52.028+0000] {processor.py:183} INFO - Processing /opt/airflow/dags/fetch_exchange_dag.py took 0.047 seconds
[2025-05-23T08:48:58.097+0000] {processor.py:161} INFO - Started process (PID=462) to work on /opt/airflow/dags/fetch_exchange_dag.py
[2025-05-23T08:48:58.098+0000] {processor.py:830} INFO - Processing file /opt/airflow/dags/fetch_exchange_dag.py for tasks to queue
[2025-05-23T08:48:58.098+0000] {logging_mixin.py:188} INFO - [2025-05-23T08:48:58.098+0000] {dagbag.py:538} INFO - Filling up the DagBag from /opt/airflow/dags/fetch_exchange_dag.py
[2025-05-23T08:48:58.111+0000] {processor.py:840} INFO - DAG(s) 'exchange_rate_fetch_dag' retrieved from /opt/airflow/dags/fetch_exchange_dag.py
[2025-05-23T08:48:58.127+0000] {logging_mixin.py:188} INFO - [2025-05-23T08:48:58.126+0000] {dag.py:3036} INFO - Sync 1 DAGs
[2025-05-23T08:48:58.137+0000] {logging_mixin.py:188} INFO - [2025-05-23T08:48:58.137+0000] {dag.py:3823} INFO - Setting next_dagrun for exchange_rate_fetch_dag to 2025-05-23 00:00:00+00:00, run_after=2025-05-24 00:00:00+00:00
[2025-05-23T08:48:58.145+0000] {processor.py:183} INFO - Processing /opt/airflow/dags/fetch_exchange_dag.py took 0.051 seconds
